<?xml version="1.0" encoding="UTF-8"?>
<!-- Generated by org.testng.reporters.JUnitReportReporter -->
<testsuite hostname="suharika" failures="0" tests="3" name="day2.tryex2" time="0.036" errors="0" timestamp="2024-09-18T07:50:56 IST" skipped="0">
  <testcase classname="day2.tryex2" name="abac" time="0.002"/>
  <system-out/>
  <testcase classname="day2.tryex2" name="abac" time="0.001"/>
  <system-out/>
  <testcase classname="day2.tryex2" name="abac" time="0.033"/>
  <system-out/>
</testsuite> <!-- day2.tryex2 -->
