<?xml version="1.0" encoding="UTF-8"?>
<!-- Generated by org.testng.reporters.JUnitReportReporter -->
<testsuite hostname="suharika" failures="0" tests="1" name="day2.NewTestanotations" time="32.661" errors="0" timestamp="2024-09-18T07:42:16 IST" skipped="0">
  <testcase classname="day2.NewTestanotations" name="f" time="32.661"/>
  <system-out/>
</testsuite> <!-- day2.NewTestanotations -->
