<?xml version="1.0" encoding="UTF-8"?>
<!-- Generated by org.testng.reporters.JUnitReportReporter -->
<testsuite hostname="suharika" failures="0" tests="1" name="framework.extentreports" time="0.409" errors="0" timestamp="2024-09-27T07:56:38 IST" skipped="0">
  <testcase classname="framework.extentreports" name="test" time="0.409"/>
  <system-out/>
</testsuite> <!-- framework.extentreports -->
