<?xml version="1.0" encoding="UTF-8"?>
<!-- Generated by org.testng.reporters.JUnitReportReporter -->
<testsuite hostname="suharika" failures="0" tests="1" name="framework.exceldata" time="0.623" errors="0" timestamp="2024-09-26T07:52:29 IST" skipped="0">
  <testcase classname="framework.exceldata" name="test1" time="0.623"/>
  <system-out/>
</testsuite> <!-- framework.exceldata -->
