<?xml version="1.0" encoding="UTF-8"?>
<!-- Generated by org.testng.reporters.JUnitReportReporter -->
<testsuite hostname="suharika" failures="0" tests="1" name="day2.fluentwait" time="10.494" errors="0" timestamp="2024-09-20T08:07:28 IST" skipped="0">
  <testcase classname="day2.fluentwait" name="test" time="10.494"/>
  <system-out/>
</testsuite> <!-- day2.fluentwait -->
