<?xml version="1.0" encoding="UTF-8"?>
<!-- Generated by org.testng.reporters.JUnitReportReporter -->
<testsuite hostname="suharika" failures="0" tests="2" name="day2.tryex" time="0.006" errors="0" timestamp="2024-09-18T07:35:33 IST" skipped="0">
  <testcase classname="day2.tryex" name="abac1" time="0.004"/>
  <system-out/>
  <testcase classname="day2.tryex" name="abac" time="0.002"/>
  <system-out/>
</testsuite> <!-- day2.tryex -->
