<?xml version="1.0" encoding="UTF-8"?>
<!-- Generated by org.testng.reporters.JUnitReportReporter -->
<testsuite hostname="suharika" failures="0" tests="1" name="day2.desiredcapabilities" time="4.450" errors="0" timestamp="2024-09-24T07:54:18 IST" skipped="0">
  <testcase classname="day2.desiredcapabilities" name="test" time="4.450"/>
  <system-out/>
</testsuite> <!-- day2.desiredcapabilities -->
