<?xml version="1.0" encoding="UTF-8"?>
<!-- Generated by org.testng.reporters.JUnitReportReporter -->
<testsuite hostname="suharika" failures="0" tests="1" name="day2.parameter" time="0.024" errors="0" timestamp="2024-09-19T08:02:38 IST" skipped="0">
  <testcase classname="day2.parameter" name="f" time="0.024"/>
  <system-out/>
</testsuite> <!-- day2.parameter -->
