<?xml version="1.0" encoding="UTF-8"?>
<!-- Generated by org.testng.reporters.JUnitReportReporter -->
<testsuite hostname="suharika" failures="0" tests="1" name="framework.properties" time="0.016" errors="0" timestamp="2024-10-08T06:53:28 IST" skipped="0">
  <testcase classname="framework.properties" name="test1" time="0.016"/>
  <system-out/>
</testsuite> <!-- framework.properties -->
