<?xml version="1.0" encoding="UTF-8"?>
<!-- Generated by org.testng.reporters.JUnitReportReporter -->
<testsuite hostname="suharika" failures="0" tests="1" name="day2.actions2" time="6.027" errors="0" timestamp="2024-09-24T08:00:56 IST" skipped="0">
  <testcase classname="day2.actions2" name="test" time="6.027"/>
  <system-out/>
</testsuite> <!-- day2.actions2 -->
